\BOOKMARK [0][-]{chapter*.1}{\376\377\000P\000r\000e\000f\000a\000c\000e}{}% 1
\BOOKMARK [0][-]{chapter.1}{\376\377\000M\000o\000d\000u\000l\000e\000s}{}% 2
\BOOKMARK [1][-]{section.1.1}{\376\377\000B\000a\000s\000i\000c\000\040\000D\000e\000f\000i\000n\000i\000t\000i\000o\000n\000s}{chapter.1}% 3
\BOOKMARK [1][-]{section.1.2}{\376\377\000S\000h\000o\000r\000t\000\040\000S\000e\000q\000u\000e\000n\000c\000e\000s}{chapter.1}% 4
\BOOKMARK [2][-]{subsection.1.2.1}{\376\377\000P\000r\000o\000j\000e\000c\000t\000i\000v\000e\000\040\000M\000o\000d\000u\000l\000e\000s}{section.1.2}% 5
\BOOKMARK [2][-]{subsection.1.2.2}{\376\377\000T\000h\000e\000\040\000H\000o\000m\000\040\000F\000u\000n\000c\000t\000o\000r}{section.1.2}% 6
\BOOKMARK [2][-]{subsection.1.2.3}{\376\377\000R\000e\000s\000o\000l\000u\000t\000i\000o\000n\000s}{section.1.2}% 7
\BOOKMARK [1][-]{section.1.3}{\376\377\000N\000a\000t\000u\000r\000a\000l\000\040\000L\000o\000n\000g\000\040\000E\000x\000a\000c\000t\000\040\000S\000e\000q\000u\000e\000n\000c\000e\000s}{chapter.1}% 8
\BOOKMARK [2][-]{subsection.1.3.1}{\376\377\000T\000h\000e\000\040\000C\000o\000e\000f\000f\000i\000c\000i\000e\000n\000t\000\040\000E\000x\000a\000c\000t\000\040\000S\000e\000q\000u\000e\000n\000c\000e}{section.1.3}% 9
\BOOKMARK [2][-]{subsection.1.3.2}{\376\377\000R\000e\000v\000e\000r\000s\000e\000\040\000E\000x\000a\000c\000t\000\040\000S\000e\000q\000u\000e\000n\000c\000e\000\040\000a\000n\000d\000\040\000t\000h\000e\000\040\000S\000n\000a\000k\000e\000\040\000L\000e\000m\000m\000a}{section.1.3}% 10
\BOOKMARK [0][-]{chapter.2}{\376\377\000B\000a\000e\000r\000'\000s\000\040\000T\000h\000e\000o\000r\000e\000m\000\040\000a\000n\000d\000\040\000E\000x\000t}{}% 11
\BOOKMARK [1][-]{subsection.2.0.1}{\376\377\000M\000o\000r\000e\000\040\000D\000e\000t\000a\000i\000l\000s\000\040\000o\000n\000\040\000P\000r\000o\000j\000e\000c\000t\000i\000v\000e\000\040\000M\000o\000d\000u\000l\000e\000s}{chapter.2}% 12
\BOOKMARK [0][-]{chapter.3}{\376\377\000F\000i\000n\000i\000t\000e\000n\000e\000s\000s\000\040\000C\000o\000n\000d\000i\000t\000i\000o\000n\000s}{}% 13
\BOOKMARK [1][-]{section.3.1}{\376\377\000P\000r\000o\000j\000e\000c\000t\000i\000v\000e\000\040\000a\000n\000d\000\040\000C\000o\000h\000o\000m\000o\000l\000o\000g\000i\000c\000a\000l\000\040\000D\000i\000m\000e\000n\000s\000i\000o\000n}{chapter.3}% 14
\BOOKMARK [1][-]{section.3.2}{\376\377\000N\000o\000e\000t\000h\000e\000r\000i\000a\000n\000\040\000R\000i\000n\000g\000s\000\040\000a\000n\000d\000\040\000M\000o\000d\000u\000l\000e\000s}{chapter.3}% 15
\BOOKMARK [1][-]{section.3.3}{\376\377\000C\000l\000a\000s\000s\000i\000f\000i\000c\000a\000t\000i\000o\000n\000\040\000o\000f\000\040\000M\000o\000d\000u\000l\000e\000s\000\040\000o\000v\000e\000r\000\040\000P\000I\000D\000s}{chapter.3}% 16
\BOOKMARK [2][-]{subsection.3.3.1}{\376\377\000P\000r\000i\000n\000c\000i\000p\000a\000l\000\040\000I\000d\000e\000a\000l\000\040\000D\000o\000m\000a\000i\000n\000s\000\040\000\050\000P\000I\000D\000s\000\051}{section.3.3}% 17
\BOOKMARK [2][-]{subsection.3.3.2}{\376\377\000T\000o\000r\000s\000i\000o\000n}{section.3.3}% 18
\BOOKMARK [2][-]{subsection.3.3.3}{\376\377\000C\000l\000a\000s\000s\000i\000f\000i\000c\000a\000t\000i\000o\000n\000\040\000T\000h\000e\000o\000r\000e\000m}{section.3.3}% 19
\BOOKMARK [0][-]{chapter.4}{\376\377\000H\000i\000l\000b\000e\000r\000t\000'\000s\000\040\000S\000y\000z\000y\000g\000y\000\040\000T\000h\000e\000o\000r\000e\000m}{}% 20
\BOOKMARK [0][-]{chapter.5}{\376\377\000K\000o\000s\000z\000u\000l\000\040\000R\000e\000s\000o\000l\000u\000t\000i\000o\000n}{}% 21
\BOOKMARK [0][-]{chapter.6}{\376\377\000A\000p\000p\000e\000n\000d\000i\000x}{}% 22
\BOOKMARK [1][-]{section.6.1}{\376\377\000C\000a\000t\000e\000g\000o\000r\000y\000\040\000T\000h\000e\000o\000r\000y}{chapter.6}% 23
\BOOKMARK [0][-]{chapter.7}{\376\377\000s\000c\000r\000a\000p}{}% 24
